<?xml version="1.0" encoding="UTF-8"?>
<!-- Generated by org.testng.reporters.JUnitReportReporter -->
<testsuite hostname="LAPTOP-C5FS5F1J" failures="0" tests="4" name="TestNG.Priority_In_testNG" time="8.984" errors="0" timestamp="2021-09-04T12:20:43 IST" skipped="0">
  <testcase classname="TestNG.Priority_In_testNG" name="test" time="1.848"/>
  <system-out/>
  <testcase classname="TestNG.Priority_In_testNG" name="launchGoogle" time="1.721"/>
  <system-out/>
  <testcase classname="TestNG.Priority_In_testNG" name="peformSeachAndClick1stLink" time="1.328"/>
  <system-out/>
  <testcase classname="TestNG.Priority_In_testNG" name="FacebookPageTitleVerification" time="4.087"/>
  <system-out/>
</testsuite> <!-- TestNG.Priority_In_testNG -->
